<?xml version="1.0" encoding="UTF-8"?>
<!-- Generated by org.testng.reporters.JUnitReportReporter -->
<testsuite hostname="DESKTOP-27FI6T9" failures="0" tests="3" name="com.qa.tests.ApiTest" time="28.658" errors="0" timestamp="29 Jun 2020 16:58:56 GMT">
  <testcase classname="com.qa.tests.ApiTest" name="retrieverbreed" time="8.507"/>
  <testcase classname="com.qa.tests.ApiTest" name="apitesting" time="11.811"/>
  <testcase classname="com.qa.tests.ApiTest" name="subbreedretriever" time="8.340"/>
</testsuite> <!-- com.qa.tests.ApiTest -->
