<?xml version="1.0" encoding="UTF-8"?>
<!-- Generated by org.testng.reporters.JUnitReportReporter -->
<testsuite skipped="0" hostname="NhsbsaMminsMBP3" name="project.TestRunner" tests="1" failures="0" timestamp="28 Jun 2020 21:48:49 GMT" time="17.907" errors="0">
  <testcase name="feature" time="17.907" classname="project.TestRunner"/>
</testsuite> <!-- project.TestRunner -->
